[debug] [2024-11-30T14:30:35.979Z] ----------------------------------------------------------------------
[debug] [2024-11-30T14:30:35.981Z] Command:       C:\Program Files\nodejs\node.exe C:\Users\rasim\AppData\Roaming\npm\node_modules\firebase-tools\lib\bin\firebase.js init
[debug] [2024-11-30T14:30:35.982Z] CLI Version:   13.27.0
[debug] [2024-11-30T14:30:35.982Z] Platform:      win32
[debug] [2024-11-30T14:30:35.982Z] Node Version:  v20.18.0
[debug] [2024-11-30T14:30:35.982Z] Time:          Sat Nov 30 2024 18:30:35 GMT+0400 (Азербайджан, стандартное время)
[debug] [2024-11-30T14:30:35.982Z] ----------------------------------------------------------------------
[debug] 
[debug] [2024-11-30T14:30:35.985Z] > command requires scopes: ["email","openid","https://www.googleapis.com/auth/cloudplatformprojects.readonly","https://www.googleapis.com/auth/firebase","https://www.googleapis.com/auth/cloud-platform"]
[debug] [2024-11-30T14:30:35.986Z] > authorizing via signed-in user (rasim.karimli@gmail.com)
[info] 
     ######## #### ########  ######## ########     ###     ######  ########
     ##        ##  ##     ## ##       ##     ##  ##   ##  ##       ##
     ######    ##  ########  ######   ########  #########  ######  ######
     ##        ##  ##    ##  ##       ##     ## ##     ##       ## ##
     ##       #### ##     ## ######## ########  ##     ##  ######  ########

You're about to initialize a Firebase project in this directory:

  E:\MyProjects\game-summit-vote

[info] 
=== Project Setup
[info] 
[info] First, let's associate this project directory with a Firebase project.
[info] You can create multiple project aliases by running firebase use --add, 
[info] but for now we'll just set up a default project.
[info] 
[debug] [2024-11-30T14:34:15.632Z] Checked if tokens are valid: true, expires at: 1732980613358
[debug] [2024-11-30T14:34:15.632Z] Checked if tokens are valid: true, expires at: 1732980613358
[debug] [2024-11-30T14:34:15.633Z] >>> [apiv2][query] GET https://firebase.googleapis.com/v1beta1/projects pageSize=100
[debug] [2024-11-30T14:34:16.238Z] <<< [apiv2][status] GET https://firebase.googleapis.com/v1beta1/projects 200
[debug] [2024-11-30T14:34:16.238Z] <<< [apiv2][body] GET https://firebase.googleapis.com/v1beta1/projects [omitted]
[info] i  Using project gamesummitvote (GameSummitVote) 
[info] 
=== Hosting Setup
[debug] [2024-11-30T14:34:35.683Z] Checked if tokens are valid: true, expires at: 1732980613358
[debug] [2024-11-30T14:34:35.683Z] Checked if tokens are valid: true, expires at: 1732980613358
[debug] [2024-11-30T14:34:35.684Z] >>> [apiv2][query] GET https://firebase.googleapis.com/v1beta1/projects/gamesummitvote [none]
[debug] [2024-11-30T14:34:36.130Z] <<< [apiv2][status] GET https://firebase.googleapis.com/v1beta1/projects/gamesummitvote 200
[debug] [2024-11-30T14:34:36.130Z] <<< [apiv2][body] GET https://firebase.googleapis.com/v1beta1/projects/gamesummitvote {"projectId":"gamesummitvote","projectNumber":"751202432601","displayName":"GameSummitVote","name":"projects/gamesummitvote","resources":{"hostingSite":"gamesummitvote"},"state":"ACTIVE","etag":"1_d1fe7541-3fcd-4acf-b6f2-a80db5fb6f7e"}
[info] 
[info] Your public directory is the folder (relative to your project directory) that
[info] will contain Hosting assets to be uploaded with firebase deploy. If you
[info] have a build process for your assets, use your build's output directory.
[info] 
[debug] [2024-11-30T14:35:51.828Z] >>> [apiv2][query] GET https://www.gstatic.com/firebasejs/releases.json [none]
[debug] [2024-11-30T14:35:52.041Z] <<< [apiv2][status] GET https://www.gstatic.com/firebasejs/releases.json 200
[debug] [2024-11-30T14:35:52.041Z] <<< [apiv2][body] GET https://www.gstatic.com/firebasejs/releases.json {"current":{"version":"11.0.2","browserURL":"https://www.gstatic.com/firebasejs/11.0.2/firebase.js","packageURL":"https://www.gstatic.com/firebasejs/11.0.2/firebase.tgz"},"live":{"version":"11.0","browserURL":"https://www.gstatic.com/firebasejs/live/11.0/firebase.js","packageURL":"https://www.gstatic.com/firebasejs/live/11.0/firebase.tgz"},"components":{"analytics":"https://www.gstatic.com/firebasejs/11.0.2/firebase-analytics.js","app":"https://www.gstatic.com/firebasejs/11.0.2/firebase-app.js","app-check":"https://www.gstatic.com/firebasejs/11.0.2/firebase-app-check.js","auth":"https://www.gstatic.com/firebasejs/11.0.2/firebase-auth.js","auth/cordova":"https://www.gstatic.com/firebasejs/11.0.2/firebase-auth/cordova.js","auth/web-extension":"https://www.gstatic.com/firebasejs/11.0.2/firebase-auth/web-extension.js","functions":"https://www.gstatic.com/firebasejs/11.0.2/firebase-functions.js","firestore":"https://www.gstatic.com/firebasejs/11.0.2/firebase-firestore.js","firestore/lite":"https://www.gstatic.com/firebasejs/11.0.2/firebase-firestore/lite.js","installations":"https://www.gstatic.com/firebasejs/11.0.2/firebase-installations.js","storage":"https://www.gstatic.com/firebasejs/11.0.2/firebase-storage.js","performance":"https://www.gstatic.com/firebasejs/11.0.2/firebase-performance.js","remote-config":"https://www.gstatic.com/firebasejs/11.0.2/firebase-remote-config.js","messaging":"https://www.gstatic.com/firebasejs/11.0.2/firebase-messaging.js","messaging/sw":"https://www.gstatic.com/firebasejs/11.0.2/firebase-messaging/sw.js","database":"https://www.gstatic.com/firebasejs/11.0.2/firebase-database.js","vertexai":"https://www.gstatic.com/firebasejs/11.0.2/firebase-vertexai.js","data-connect":"https://www.gstatic.com/firebasejs/11.0.2/firebase-data-connect.js","firestore.memory":"https://www.gstatic.com/firebasejs/11.0.2/firebase-firestore.memory.js"}}
[info] +  Wrote dist/index.html 
[info] 
[info] i  Detected a .git folder at E:\MyProjects\game-summit-vote 
[info] i  Authorizing with GitHub to upload your service account to a GitHub repository's secrets store. 
[info] 
[info] Visit this URL on this device to log in:
[info] https://github.com/login/oauth/authorize?client_id=89cf50f02ac6aaed3484&state=19840440&redirect_uri=http%3A%2F%2Flocalhost%3A9005&scope=read%3Auser%20repo%20public_repo
[info] 
[info] Waiting for authentication...
[debug] [2024-11-30T14:35:52.697Z] >>> [apiv2][query] POST https://github.com/login/oauth/access_token [none]
[debug] [2024-11-30T14:35:52.697Z] >>> [apiv2][body] POST https://github.com/login/oauth/access_token [stream]
[debug] [2024-11-30T14:35:53.094Z] <<< [apiv2][status] POST https://github.com/login/oauth/access_token 200
[debug] [2024-11-30T14:35:53.094Z] <<< [apiv2][body] POST https://github.com/login/oauth/access_token {"access_token":"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","token_type":"bearer","scope":"read:user,repo"}
[debug] [2024-11-30T14:35:53.095Z] >>> [apiv2][query] GET https://api.github.com/user [none]
[debug] [2024-11-30T14:35:53.666Z] <<< [apiv2][status] GET https://api.github.com/user 200
[debug] [2024-11-30T14:35:53.666Z] <<< [apiv2][body] GET https://api.github.com/user {"login":"zorochimaru","id":32745797,"node_id":"MDQ6VXNlcjMyNzQ1Nzk3","avatar_url":"https://avatars.githubusercontent.com/u/32745797?v=4","gravatar_id":"","url":"https://api.github.com/users/zorochimaru","html_url":"https://github.com/zorochimaru","followers_url":"https://api.github.com/users/zorochimaru/followers","following_url":"https://api.github.com/users/zorochimaru/following{/other_user}","gists_url":"https://api.github.com/users/zorochimaru/gists{/gist_id}","starred_url":"https://api.github.com/users/zorochimaru/starred{/owner}{/repo}","subscriptions_url":"https://api.github.com/users/zorochimaru/subscriptions","organizations_url":"https://api.github.com/users/zorochimaru/orgs","repos_url":"https://api.github.com/users/zorochimaru/repos","events_url":"https://api.github.com/users/zorochimaru/events{/privacy}","received_events_url":"https://api.github.com/users/zorochimaru/received_events","type":"User","user_view_type":"private","site_admin":false,"name":"Rasim","company":null,"blog":"","location":null,"email":null,"hireable":null,"bio":"Web-developer","twitter_username":null,"notification_email":null,"public_repos":3,"public_gists":6,"followers":2,"following":2,"created_at":"2017-10-12T17:12:29Z","updated_at":"2024-10-02T16:27:26Z","private_gists":1,"total_private_repos":2,"owned_private_repos":2,"disk_usage":20606,"collaborators":1,"two_factor_authentication":false,"plan":{"name":"free","space":976562499,"collaborators":0,"private_repos":10000}}
[info] 
[info] +  Success! Logged into GitHub as zorochimaru 
[info] 
